16:05:30 27-08-2012	INFO	Main	
16:05:30 27-08-2012	INFO	Main	-=-=-=-=-=-=-=-=-=-=-=-=-=-=-=-=-=-=-=-=-=-=-
16:05:30 27-08-2012	INFO	Main	Ziz is starting up!
16:05:30 27-08-2012	INFO	MonitorRunner	Checking monitors.xml config file for changes
16:05:30 27-08-2012	INFO	MonitorRunner	monitors.xml has been updated, reloading all monitors
16:05:31 27-08-2012	INFO	MonitorRunner	Created new monitor: reddit (http) in group <root>
16:05:31 27-08-2012	INFO	WebServer	Starting webserver, listening on port 7777
16:05:46 27-08-2012	DEBUG	MonitorRunner	Running monitor: reddit (http)
16:05:46 27-08-2012	DEBUG	Monitor	Monitor run complete: reddit result=-3, NaN, JavaException: java.net.MalformedURLException: no protocol: reddit.com
16:06:06 27-08-2012	INFO	MonitorRunner	Checking monitors.xml config file for changes
16:06:06 27-08-2012	INFO	MonitorRunner	monitors.xml has been updated, reloading all monitors
16:06:06 27-08-2012	INFO	MonitorRunner	Created new monitor: reddit (http) in group <root>
16:06:08 27-08-2012	DEBUG	MonitorRunner	Running monitor: reddit (http)
16:06:29 27-08-2012	DEBUG	Monitor	Monitor run complete: reddit result=-3, NaN, JavaException: java.net.ConnectException: Connection timed out: connect
16:06:41 27-08-2012	INFO	MonitorRunner	Checking monitors.xml config file for changes
16:06:41 27-08-2012	INFO	MonitorRunner	monitors.xml has been updated, reloading all monitors
16:06:41 27-08-2012	INFO	MonitorRunner	Created new monitor: reddit (http) in group <root>
16:06:41 27-08-2012	ERROR	MonitorRunner	Duplicate monitor name 'reddit'. Monitor will not be created
16:06:48 27-08-2012	INFO	MonitorRunner	Checking monitors.xml config file for changes
16:06:48 27-08-2012	INFO	MonitorRunner	monitors.xml has been updated, reloading all monitors
16:06:48 27-08-2012	INFO	MonitorRunner	Created new monitor: reddit (http) in group <root>
16:06:48 27-08-2012	INFO	MonitorRunner	Created new monitor: facebook (http) in group <root>
16:06:50 27-08-2012	DEBUG	MonitorRunner	Running monitor: facebook (http)
16:07:11 27-08-2012	DEBUG	Monitor	Monitor run complete: facebook result=-3, NaN, JavaException: java.net.ConnectException: Connection timed out: connect
16:07:48 27-08-2012	DEBUG	MonitorRunner	Running monitor: reddit (http)
16:07:57 27-08-2012	INFO	MonitorRunner	Checking monitors.xml config file for changes
16:07:57 27-08-2012	INFO	MonitorRunner	monitors.xml has been updated, reloading all monitors
16:07:57 27-08-2012	INFO	MonitorRunner	Created new monitor: reddit (http) in group <root>
16:07:57 27-08-2012	INFO	MonitorRunner	Created new monitor: GooglePlus (http) in group <root>
16:07:59 27-08-2012	DEBUG	MonitorRunner	Running monitor: GooglePlus (http)
16:08:09 27-08-2012	DEBUG	Monitor	Monitor run complete: reddit result=-3, NaN, JavaException: java.net.ConnectException: Connection timed out: connect
16:08:17 27-08-2012	INFO	MonitorRunner	Checking monitors.xml config file for changes
16:08:17 27-08-2012	INFO	MonitorRunner	monitors.xml has been updated, reloading all monitors
16:08:17 27-08-2012	INFO	MonitorRunner	Created new monitor: reddit (http) in group <root>
16:08:17 27-08-2012	INFO	MonitorRunner	Created new monitor: facebook (http) in group <root>
16:08:19 27-08-2012	DEBUG	MonitorRunner	Running monitor: reddit (http)
16:08:20 27-08-2012	DEBUG	Monitor	Monitor run complete: GooglePlus result=-3, NaN, JavaException: java.net.ConnectException: Connection timed out: connect
16:08:25 27-08-2012	INFO	Main	
16:08:25 27-08-2012	INFO	Main	-=-=-=-=-=-=-=-=-=-=-=-=-=-=-=-=-=-=-=-=-=-=-
16:08:25 27-08-2012	INFO	Main	Ziz is starting up!
16:08:25 27-08-2012	INFO	MonitorRunner	Checking monitors.xml config file for changes
16:08:25 27-08-2012	INFO	MonitorRunner	monitors.xml has been updated, reloading all monitors
16:08:25 27-08-2012	INFO	MonitorRunner	Created new monitor: reddit (http) in group <root>
16:08:25 27-08-2012	INFO	MonitorRunner	Created new monitor: facebook (http) in group <root>
16:08:25 27-08-2012	INFO	WebServer	Starting webserver, listening on port 7777
16:08:34 27-08-2012	DEBUG	MonitorRunner	Running monitor: facebook (http)
16:08:35 27-08-2012	DEBUG	Monitor	Monitor run complete: facebook result=10, 811.0, HTTP 200 OK (36 Kb)
16:08:37 27-08-2012	DEBUG	MonitorRunner	Running monitor: reddit (http)
16:08:59 27-08-2012	DEBUG	Monitor	Monitor run complete: reddit result=-3, NaN, JavaException: java.net.ConnectException: Connection timed out: connect
16:11:29 27-08-2012	DEBUG	MonitorRunner	Running monitor: reddit (http)
16:11:30 27-08-2012	DEBUG	Monitor	Monitor run complete: reddit result=10, 258.0, HTTP 200 OK (107 Kb)
16:12:48 27-08-2012	DEBUG	MonitorRunner	Running monitor: reddit (http)
16:12:49 27-08-2012	DEBUG	Monitor	Monitor run complete: reddit result=10, 282.0, HTTP 200 OK (107 Kb)
16:12:50 27-08-2012	DEBUG	MonitorRunner	Running monitor: facebook (http)
16:12:51 27-08-2012	DEBUG	Monitor	Monitor run complete: facebook result=10, 804.0, HTTP 200 OK (36 Kb)
16:13:25 27-08-2012	INFO	MonitorRunner	Checking monitors.xml config file for changes
16:17:48 27-08-2012	DEBUG	MonitorRunner	Running monitor: reddit (http)
16:17:49 27-08-2012	DEBUG	Monitor	Monitor run complete: reddit result=10, 679.0, HTTP 200 OK (106 Kb)
16:17:50 27-08-2012	DEBUG	MonitorRunner	Running monitor: facebook (http)
16:17:51 27-08-2012	DEBUG	Monitor	Monitor run complete: facebook result=10, 776.0, HTTP 200 OK (36 Kb)
16:18:25 27-08-2012	INFO	MonitorRunner	Checking monitors.xml config file for changes
16:22:48 27-08-2012	DEBUG	MonitorRunner	Running monitor: reddit (http)
16:22:49 27-08-2012	DEBUG	Monitor	Monitor run complete: reddit result=10, 312.0, HTTP 200 OK (107 Kb)
16:22:50 27-08-2012	DEBUG	MonitorRunner	Running monitor: facebook (http)
16:22:51 27-08-2012	DEBUG	Monitor	Monitor run complete: facebook result=10, 841.0, HTTP 200 OK (36 Kb)
16:23:25 27-08-2012	INFO	MonitorRunner	Checking monitors.xml config file for changes
16:27:48 27-08-2012	DEBUG	MonitorRunner	Running monitor: reddit (http)
16:27:49 27-08-2012	DEBUG	Monitor	Monitor run complete: reddit result=10, 287.0, HTTP 200 OK (107 Kb)
16:27:50 27-08-2012	DEBUG	MonitorRunner	Running monitor: facebook (http)
16:27:51 27-08-2012	DEBUG	Monitor	Monitor run complete: facebook result=10, 814.0, HTTP 200 OK (36 Kb)
16:28:25 27-08-2012	INFO	MonitorRunner	Checking monitors.xml config file for changes
16:32:48 27-08-2012	DEBUG	MonitorRunner	Running monitor: reddit (http)
16:32:49 27-08-2012	DEBUG	Monitor	Monitor run complete: reddit result=10, 302.0, HTTP 200 OK (108 Kb)
16:32:50 27-08-2012	DEBUG	MonitorRunner	Running monitor: facebook (http)
16:32:51 27-08-2012	DEBUG	Monitor	Monitor run complete: facebook result=10, 792.0, HTTP 200 OK (38 Kb)
16:33:26 27-08-2012	INFO	MonitorRunner	Checking monitors.xml config file for changes
16:37:49 27-08-2012	DEBUG	MonitorRunner	Running monitor: reddit (http)
16:37:49 27-08-2012	DEBUG	Monitor	Monitor run complete: reddit result=10, 655.0, HTTP 200 OK (105 Kb)
16:37:51 27-08-2012	DEBUG	MonitorRunner	Running monitor: facebook (http)
16:37:51 27-08-2012	DEBUG	Monitor	Monitor run complete: facebook result=10, 785.0, HTTP 200 OK (38 Kb)
16:38:26 27-08-2012	INFO	MonitorRunner	Checking monitors.xml config file for changes
16:42:49 27-08-2012	DEBUG	MonitorRunner	Running monitor: reddit (http)
16:42:49 27-08-2012	DEBUG	Monitor	Monitor run complete: reddit result=10, 287.0, HTTP 200 OK (107 Kb)
16:42:51 27-08-2012	DEBUG	MonitorRunner	Running monitor: facebook (http)
16:42:51 27-08-2012	DEBUG	Monitor	Monitor run complete: facebook result=10, 806.0, HTTP 200 OK (36 Kb)
16:43:26 27-08-2012	INFO	MonitorRunner	Checking monitors.xml config file for changes
16:47:49 27-08-2012	DEBUG	MonitorRunner	Running monitor: reddit (http)
16:47:49 27-08-2012	DEBUG	Monitor	Monitor run complete: reddit result=10, 283.0, HTTP 200 OK (104 Kb)
16:47:51 27-08-2012	DEBUG	MonitorRunner	Running monitor: facebook (http)
16:47:51 27-08-2012	DEBUG	Monitor	Monitor run complete: facebook result=10, 846.0, HTTP 200 OK (38 Kb)
16:48:26 27-08-2012	INFO	MonitorRunner	Checking monitors.xml config file for changes
16:52:49 27-08-2012	DEBUG	MonitorRunner	Running monitor: reddit (http)
16:52:49 27-08-2012	DEBUG	Monitor	Monitor run complete: reddit result=10, 286.0, HTTP 200 OK (110 Kb)
16:52:51 27-08-2012	DEBUG	MonitorRunner	Running monitor: facebook (http)
16:52:52 27-08-2012	DEBUG	Monitor	Monitor run complete: facebook result=10, 859.0, HTTP 200 OK (36 Kb)
16:53:26 27-08-2012	INFO	MonitorRunner	Checking monitors.xml config file for changes
16:57:49 27-08-2012	DEBUG	MonitorRunner	Running monitor: reddit (http)
16:57:49 27-08-2012	DEBUG	Monitor	Monitor run complete: reddit result=10, 287.0, HTTP 200 OK (109 Kb)
16:57:51 27-08-2012	DEBUG	MonitorRunner	Running monitor: facebook (http)
16:57:52 27-08-2012	DEBUG	Monitor	Monitor run complete: facebook result=10, 822.0, HTTP 200 OK (36 Kb)
16:58:26 27-08-2012	INFO	MonitorRunner	Checking monitors.xml config file for changes
17:02:49 27-08-2012	DEBUG	MonitorRunner	Running monitor: reddit (http)
17:02:49 27-08-2012	DEBUG	Monitor	Monitor run complete: reddit result=10, 291.0, HTTP 200 OK (110 Kb)
17:02:51 27-08-2012	DEBUG	MonitorRunner	Running monitor: facebook (http)
17:02:52 27-08-2012	DEBUG	Monitor	Monitor run complete: facebook result=10, 849.0, HTTP 200 OK (36 Kb)
17:03:26 27-08-2012	INFO	MonitorRunner	Checking monitors.xml config file for changes
17:07:49 27-08-2012	DEBUG	MonitorRunner	Running monitor: reddit (http)
17:07:49 27-08-2012	DEBUG	Monitor	Monitor run complete: reddit result=10, 325.0, HTTP 200 OK (108 Kb)
17:07:51 27-08-2012	DEBUG	MonitorRunner	Running monitor: facebook (http)
17:07:52 27-08-2012	DEBUG	Monitor	Monitor run complete: facebook result=10, 802.0, HTTP 200 OK (36 Kb)
17:08:26 27-08-2012	INFO	MonitorRunner	Checking monitors.xml config file for changes
17:12:49 27-08-2012	DEBUG	MonitorRunner	Running monitor: reddit (http)
17:12:49 27-08-2012	DEBUG	Monitor	Monitor run complete: reddit result=10, 285.0, HTTP 200 OK (106 Kb)
17:12:51 27-08-2012	DEBUG	MonitorRunner	Running monitor: facebook (http)
17:12:52 27-08-2012	DEBUG	Monitor	Monitor run complete: facebook result=10, 861.0, HTTP 200 OK (36 Kb)
17:13:26 27-08-2012	INFO	MonitorRunner	Checking monitors.xml config file for changes
17:17:49 27-08-2012	DEBUG	MonitorRunner	Running monitor: reddit (http)
17:17:49 27-08-2012	DEBUG	Monitor	Monitor run complete: reddit result=10, 284.0, HTTP 200 OK (107 Kb)
17:17:51 27-08-2012	DEBUG	MonitorRunner	Running monitor: facebook (http)
17:17:52 27-08-2012	DEBUG	Monitor	Monitor run complete: facebook result=10, 835.0, HTTP 200 OK (38 Kb)
17:18:26 27-08-2012	INFO	MonitorRunner	Checking monitors.xml config file for changes
17:22:49 27-08-2012	DEBUG	MonitorRunner	Running monitor: reddit (http)
17:22:49 27-08-2012	DEBUG	Monitor	Monitor run complete: reddit result=10, 281.0, HTTP 200 OK (107 Kb)
17:22:51 27-08-2012	DEBUG	MonitorRunner	Running monitor: facebook (http)
17:22:52 27-08-2012	DEBUG	Monitor	Monitor run complete: facebook result=10, 799.0, HTTP 200 OK (36 Kb)
17:23:26 27-08-2012	INFO	MonitorRunner	Checking monitors.xml config file for changes
17:27:49 27-08-2012	DEBUG	MonitorRunner	Running monitor: reddit (http)
17:27:50 27-08-2012	DEBUG	Monitor	Monitor run complete: reddit result=10, 669.0, HTTP 200 OK (107 Kb)
17:27:51 27-08-2012	DEBUG	MonitorRunner	Running monitor: facebook (http)
17:27:52 27-08-2012	DEBUG	Monitor	Monitor run complete: facebook result=10, 803.0, HTTP 200 OK (36 Kb)
17:28:26 27-08-2012	INFO	MonitorRunner	Checking monitors.xml config file for changes
17:32:49 27-08-2012	DEBUG	MonitorRunner	Running monitor: reddit (http)
17:32:49 27-08-2012	DEBUG	Monitor	Monitor run complete: reddit result=10, 284.0, HTTP 200 OK (106 Kb)
17:32:51 27-08-2012	DEBUG	MonitorRunner	Running monitor: facebook (http)
17:32:52 27-08-2012	DEBUG	Monitor	Monitor run complete: facebook result=10, 769.0, HTTP 200 OK (38 Kb)
17:33:26 27-08-2012	INFO	MonitorRunner	Checking monitors.xml config file for changes
17:37:49 27-08-2012	DEBUG	MonitorRunner	Running monitor: reddit (http)
17:37:50 27-08-2012	DEBUG	Monitor	Monitor run complete: reddit result=10, 667.0, HTTP 200 OK (107 Kb)
17:37:51 27-08-2012	DEBUG	MonitorRunner	Running monitor: facebook (http)
17:37:52 27-08-2012	DEBUG	Monitor	Monitor run complete: facebook result=10, 689.0, HTTP 200 OK (36 Kb)
17:38:26 27-08-2012	INFO	MonitorRunner	Checking monitors.xml config file for changes
17:42:49 27-08-2012	DEBUG	MonitorRunner	Running monitor: reddit (http)
17:42:49 27-08-2012	DEBUG	Monitor	Monitor run complete: reddit result=10, 279.0, HTTP 200 OK (104 Kb)
17:42:51 27-08-2012	DEBUG	MonitorRunner	Running monitor: facebook (http)
17:42:52 27-08-2012	DEBUG	Monitor	Monitor run complete: facebook result=10, 744.0, HTTP 200 OK (36 Kb)
17:43:26 27-08-2012	INFO	MonitorRunner	Checking monitors.xml config file for changes
17:47:49 27-08-2012	DEBUG	MonitorRunner	Running monitor: reddit (http)
17:47:49 27-08-2012	DEBUG	Monitor	Monitor run complete: reddit result=10, 312.0, HTTP 200 OK (107 Kb)
17:47:51 27-08-2012	DEBUG	MonitorRunner	Running monitor: facebook (http)
17:47:52 27-08-2012	DEBUG	Monitor	Monitor run complete: facebook result=10, 739.0, HTTP 200 OK (38 Kb)
17:48:26 27-08-2012	INFO	MonitorRunner	Checking monitors.xml config file for changes
17:52:49 27-08-2012	DEBUG	MonitorRunner	Running monitor: reddit (http)
17:52:49 27-08-2012	DEBUG	Monitor	Monitor run complete: reddit result=10, 318.0, HTTP 200 OK (108 Kb)
17:52:51 27-08-2012	DEBUG	MonitorRunner	Running monitor: facebook (http)
17:52:52 27-08-2012	DEBUG	Monitor	Monitor run complete: facebook result=10, 764.0, HTTP 200 OK (36 Kb)
17:53:26 27-08-2012	INFO	MonitorRunner	Checking monitors.xml config file for changes
17:57:49 27-08-2012	DEBUG	MonitorRunner	Running monitor: reddit (http)
17:57:50 27-08-2012	DEBUG	Monitor	Monitor run complete: reddit result=10, 772.0, HTTP 200 OK (108 Kb)
17:57:51 27-08-2012	DEBUG	MonitorRunner	Running monitor: facebook (http)
17:57:52 27-08-2012	DEBUG	Monitor	Monitor run complete: facebook result=10, 733.0, HTTP 200 OK (38 Kb)
17:58:26 27-08-2012	INFO	MonitorRunner	Checking monitors.xml config file for changes
18:02:49 27-08-2012	DEBUG	MonitorRunner	Running monitor: reddit (http)
18:02:49 27-08-2012	DEBUG	Monitor	Monitor run complete: reddit result=10, 299.0, HTTP 200 OK (107 Kb)
18:02:51 27-08-2012	DEBUG	MonitorRunner	Running monitor: facebook (http)
18:02:52 27-08-2012	DEBUG	Monitor	Monitor run complete: facebook result=10, 753.0, HTTP 200 OK (38 Kb)
18:03:26 27-08-2012	INFO	MonitorRunner	Checking monitors.xml config file for changes
18:07:49 27-08-2012	DEBUG	MonitorRunner	Running monitor: reddit (http)
18:07:50 27-08-2012	DEBUG	Monitor	Monitor run complete: reddit result=10, 586.0, HTTP 200 OK (107 Kb)
18:07:51 27-08-2012	DEBUG	MonitorRunner	Running monitor: facebook (http)
18:07:52 27-08-2012	DEBUG	Monitor	Monitor run complete: facebook result=10, 762.0, HTTP 200 OK (36 Kb)
18:08:26 27-08-2012	INFO	MonitorRunner	Checking monitors.xml config file for changes
18:12:49 27-08-2012	DEBUG	MonitorRunner	Running monitor: reddit (http)
18:12:50 27-08-2012	DEBUG	Monitor	Monitor run complete: reddit result=10, 281.0, HTTP 200 OK (107 Kb)
18:12:51 27-08-2012	DEBUG	MonitorRunner	Running monitor: facebook (http)
18:12:52 27-08-2012	DEBUG	Monitor	Monitor run complete: facebook result=10, 750.0, HTTP 200 OK (36 Kb)
18:13:26 27-08-2012	INFO	MonitorRunner	Checking monitors.xml config file for changes
18:17:49 27-08-2012	DEBUG	MonitorRunner	Running monitor: reddit (http)
18:17:50 27-08-2012	DEBUG	Monitor	Monitor run complete: reddit result=10, 346.0, HTTP 200 OK (107 Kb)
18:17:51 27-08-2012	DEBUG	MonitorRunner	Running monitor: facebook (http)
18:17:52 27-08-2012	DEBUG	Monitor	Monitor run complete: facebook result=10, 900.0, HTTP 200 OK (38 Kb)
18:18:26 27-08-2012	INFO	MonitorRunner	Checking monitors.xml config file for changes
18:22:49 27-08-2012	DEBUG	MonitorRunner	Running monitor: reddit (http)
18:22:50 27-08-2012	DEBUG	Monitor	Monitor run complete: reddit result=10, 295.0, HTTP 200 OK (107 Kb)
18:22:51 27-08-2012	DEBUG	MonitorRunner	Running monitor: facebook (http)
18:22:52 27-08-2012	DEBUG	Monitor	Monitor run complete: facebook result=10, 778.0, HTTP 200 OK (36 Kb)
18:23:26 27-08-2012	INFO	MonitorRunner	Checking monitors.xml config file for changes
18:27:49 27-08-2012	DEBUG	MonitorRunner	Running monitor: reddit (http)
18:27:50 27-08-2012	DEBUG	Monitor	Monitor run complete: reddit result=10, 364.0, HTTP 200 OK (107 Kb)
18:27:51 27-08-2012	DEBUG	MonitorRunner	Running monitor: facebook (http)
18:27:52 27-08-2012	DEBUG	Monitor	Monitor run complete: facebook result=10, 765.0, HTTP 200 OK (36 Kb)
18:28:26 27-08-2012	INFO	MonitorRunner	Checking monitors.xml config file for changes
18:32:49 27-08-2012	DEBUG	MonitorRunner	Running monitor: reddit (http)
18:32:51 27-08-2012	DEBUG	MonitorRunner	Running monitor: facebook (http)
18:32:52 27-08-2012	DEBUG	Monitor	Monitor run complete: facebook result=10, 730.0, HTTP 200 OK (36 Kb)
18:32:53 27-08-2012	DEBUG	Monitor	Monitor run complete: reddit result=10, 4167.0, HTTP 200 OK (107 Kb)
18:33:26 27-08-2012	INFO	MonitorRunner	Checking monitors.xml config file for changes
18:37:49 27-08-2012	DEBUG	MonitorRunner	Running monitor: reddit (http)
18:37:50 27-08-2012	DEBUG	Monitor	Monitor run complete: reddit result=10, 293.0, HTTP 200 OK (106 Kb)
18:37:51 27-08-2012	DEBUG	MonitorRunner	Running monitor: facebook (http)
18:37:52 27-08-2012	DEBUG	Monitor	Monitor run complete: facebook result=10, 742.0, HTTP 200 OK (36 Kb)
18:38:26 27-08-2012	INFO	MonitorRunner	Checking monitors.xml config file for changes
18:42:49 27-08-2012	DEBUG	MonitorRunner	Running monitor: reddit (http)
18:42:51 27-08-2012	DEBUG	Monitor	Monitor run complete: reddit result=-3, NaN, JavaException: java.net.ConnectException: Connection refused: connect
18:42:51 27-08-2012	DEBUG	MonitorRunner	Running monitor: facebook (http)
18:42:52 27-08-2012	DEBUG	Monitor	Monitor run complete: facebook result=10, 726.0, HTTP 200 OK (36 Kb)
18:43:26 27-08-2012	INFO	MonitorRunner	Checking monitors.xml config file for changes
18:47:49 27-08-2012	DEBUG	MonitorRunner	Running monitor: reddit (http)
18:47:50 27-08-2012	DEBUG	Monitor	Monitor run complete: reddit result=10, 297.0, HTTP 200 OK (107 Kb)
18:47:51 27-08-2012	DEBUG	MonitorRunner	Running monitor: facebook (http)
18:47:52 27-08-2012	DEBUG	Monitor	Monitor run complete: facebook result=10, 808.0, HTTP 200 OK (36 Kb)
18:48:26 27-08-2012	INFO	MonitorRunner	Checking monitors.xml config file for changes
18:52:49 27-08-2012	DEBUG	MonitorRunner	Running monitor: reddit (http)
18:52:50 27-08-2012	DEBUG	Monitor	Monitor run complete: reddit result=10, 476.0, HTTP 200 OK (107 Kb)
18:52:51 27-08-2012	DEBUG	MonitorRunner	Running monitor: facebook (http)
18:52:52 27-08-2012	DEBUG	Monitor	Monitor run complete: facebook result=10, 692.0, HTTP 200 OK (36 Kb)
18:53:26 27-08-2012	INFO	MonitorRunner	Checking monitors.xml config file for changes
18:57:49 27-08-2012	DEBUG	MonitorRunner	Running monitor: reddit (http)
18:57:50 27-08-2012	DEBUG	Monitor	Monitor run complete: reddit result=10, 286.0, HTTP 200 OK (107 Kb)
18:57:51 27-08-2012	DEBUG	MonitorRunner	Running monitor: facebook (http)
18:57:52 27-08-2012	DEBUG	Monitor	Monitor run complete: facebook result=10, 991.0, HTTP 200 OK (36 Kb)
18:58:26 27-08-2012	INFO	MonitorRunner	Checking monitors.xml config file for changes
19:02:50 27-08-2012	DEBUG	MonitorRunner	Running monitor: reddit (http)
19:02:50 27-08-2012	DEBUG	Monitor	Monitor run complete: reddit result=10, 460.0, HTTP 200 OK (107 Kb)
19:02:52 27-08-2012	DEBUG	MonitorRunner	Running monitor: facebook (http)
19:02:52 27-08-2012	DEBUG	Monitor	Monitor run complete: facebook result=10, 673.0, HTTP 200 OK (34 Kb)
19:03:27 27-08-2012	INFO	MonitorRunner	Checking monitors.xml config file for changes
19:07:50 27-08-2012	DEBUG	MonitorRunner	Running monitor: reddit (http)
19:07:50 27-08-2012	DEBUG	Monitor	Monitor run complete: reddit result=10, 412.0, HTTP 200 OK (105 Kb)
19:07:52 27-08-2012	DEBUG	MonitorRunner	Running monitor: facebook (http)
19:07:52 27-08-2012	DEBUG	Monitor	Monitor run complete: facebook result=10, 700.0, HTTP 200 OK (34 Kb)
19:08:27 27-08-2012	INFO	MonitorRunner	Checking monitors.xml config file for changes
19:12:50 27-08-2012	DEBUG	MonitorRunner	Running monitor: reddit (http)
19:12:51 27-08-2012	DEBUG	Monitor	Monitor run complete: reddit result=10, 1501.0, HTTP 200 OK (107 Kb)
19:12:52 27-08-2012	DEBUG	MonitorRunner	Running monitor: facebook (http)
19:12:52 27-08-2012	DEBUG	Monitor	Monitor run complete: facebook result=10, 828.0, HTTP 200 OK (38 Kb)
19:13:27 27-08-2012	INFO	MonitorRunner	Checking monitors.xml config file for changes
19:17:50 27-08-2012	DEBUG	MonitorRunner	Running monitor: reddit (http)
19:17:50 27-08-2012	DEBUG	Monitor	Monitor run complete: reddit result=10, 287.0, HTTP 200 OK (108 Kb)
19:17:52 27-08-2012	DEBUG	MonitorRunner	Running monitor: facebook (http)
19:17:54 27-08-2012	DEBUG	Monitor	Monitor run complete: facebook result=10, 2409.0, HTTP 200 OK (34 Kb)
19:18:27 27-08-2012	INFO	MonitorRunner	Checking monitors.xml config file for changes
19:22:50 27-08-2012	DEBUG	MonitorRunner	Running monitor: reddit (http)
19:22:50 27-08-2012	DEBUG	Monitor	Monitor run complete: reddit result=10, 301.0, HTTP 200 OK (108 Kb)
19:22:52 27-08-2012	DEBUG	MonitorRunner	Running monitor: facebook (http)
19:22:52 27-08-2012	DEBUG	Monitor	Monitor run complete: facebook result=10, 597.0, HTTP 200 OK (34 Kb)
19:23:27 27-08-2012	INFO	MonitorRunner	Checking monitors.xml config file for changes
19:27:50 27-08-2012	DEBUG	MonitorRunner	Running monitor: reddit (http)
19:27:50 27-08-2012	DEBUG	Monitor	Monitor run complete: reddit result=10, 282.0, HTTP 200 OK (109 Kb)
19:27:52 27-08-2012	DEBUG	MonitorRunner	Running monitor: facebook (http)
19:27:52 27-08-2012	DEBUG	Monitor	Monitor run complete: facebook result=10, 718.0, HTTP 200 OK (34 Kb)
19:28:27 27-08-2012	INFO	MonitorRunner	Checking monitors.xml config file for changes
19:32:50 27-08-2012	DEBUG	MonitorRunner	Running monitor: reddit (http)
19:32:51 27-08-2012	DEBUG	Monitor	Monitor run complete: reddit result=-3, NaN, JavaException: java.net.ConnectException: Connection refused: connect
19:32:52 27-08-2012	DEBUG	MonitorRunner	Running monitor: facebook (http)
19:32:52 27-08-2012	DEBUG	Monitor	Monitor run complete: facebook result=10, 732.0, HTTP 200 OK (34 Kb)
19:33:27 27-08-2012	INFO	MonitorRunner	Checking monitors.xml config file for changes
19:37:50 27-08-2012	DEBUG	MonitorRunner	Running monitor: reddit (http)
19:37:50 27-08-2012	DEBUG	Monitor	Monitor run complete: reddit result=10, 306.0, HTTP 200 OK (108 Kb)
19:37:52 27-08-2012	DEBUG	MonitorRunner	Running monitor: facebook (http)
19:37:52 27-08-2012	DEBUG	Monitor	Monitor run complete: facebook result=10, 708.0, HTTP 200 OK (34 Kb)
19:38:27 27-08-2012	INFO	MonitorRunner	Checking monitors.xml config file for changes
19:42:50 27-08-2012	DEBUG	MonitorRunner	Running monitor: reddit (http)
19:42:50 27-08-2012	DEBUG	Monitor	Monitor run complete: reddit result=10, 284.0, HTTP 200 OK (108 Kb)
19:42:52 27-08-2012	DEBUG	MonitorRunner	Running monitor: facebook (http)
19:42:53 27-08-2012	DEBUG	Monitor	Monitor run complete: facebook result=10, 779.0, HTTP 200 OK (34 Kb)
19:43:27 27-08-2012	INFO	MonitorRunner	Checking monitors.xml config file for changes
19:47:50 27-08-2012	DEBUG	MonitorRunner	Running monitor: reddit (http)
19:47:50 27-08-2012	DEBUG	Monitor	Monitor run complete: reddit result=10, 291.0, HTTP 200 OK (108 Kb)
19:47:52 27-08-2012	DEBUG	MonitorRunner	Running monitor: facebook (http)
19:47:53 27-08-2012	DEBUG	Monitor	Monitor run complete: facebook result=10, 728.0, HTTP 200 OK (34 Kb)
19:48:27 27-08-2012	INFO	MonitorRunner	Checking monitors.xml config file for changes
19:52:50 27-08-2012	DEBUG	MonitorRunner	Running monitor: reddit (http)
19:52:50 27-08-2012	DEBUG	Monitor	Monitor run complete: reddit result=10, 282.0, HTTP 200 OK (107 Kb)
19:52:52 27-08-2012	DEBUG	MonitorRunner	Running monitor: facebook (http)
19:52:53 27-08-2012	DEBUG	Monitor	Monitor run complete: facebook result=10, 713.0, HTTP 200 OK (34 Kb)
19:53:27 27-08-2012	INFO	MonitorRunner	Checking monitors.xml config file for changes
19:57:50 27-08-2012	DEBUG	MonitorRunner	Running monitor: reddit (http)
19:57:50 27-08-2012	DEBUG	Monitor	Monitor run complete: reddit result=10, 291.0, HTTP 200 OK (108 Kb)
19:57:52 27-08-2012	DEBUG	MonitorRunner	Running monitor: facebook (http)
19:57:53 27-08-2012	DEBUG	Monitor	Monitor run complete: facebook result=10, 837.0, HTTP 200 OK (34 Kb)
19:58:27 27-08-2012	INFO	MonitorRunner	Checking monitors.xml config file for changes
20:02:50 27-08-2012	DEBUG	MonitorRunner	Running monitor: reddit (http)
20:02:51 27-08-2012	DEBUG	Monitor	Monitor run complete: reddit result=10, 526.0, HTTP 200 OK (108 Kb)
20:02:52 27-08-2012	DEBUG	MonitorRunner	Running monitor: facebook (http)
20:02:53 27-08-2012	DEBUG	Monitor	Monitor run complete: facebook result=10, 679.0, HTTP 200 OK (34 Kb)
20:03:27 27-08-2012	INFO	MonitorRunner	Checking monitors.xml config file for changes
20:07:50 27-08-2012	DEBUG	MonitorRunner	Running monitor: reddit (http)
20:07:51 27-08-2012	DEBUG	Monitor	Monitor run complete: reddit result=10, 667.0, HTTP 200 OK (105 Kb)
20:07:52 27-08-2012	DEBUG	MonitorRunner	Running monitor: facebook (http)
20:07:53 27-08-2012	DEBUG	Monitor	Monitor run complete: facebook result=10, 709.0, HTTP 200 OK (34 Kb)
20:08:27 27-08-2012	INFO	MonitorRunner	Checking monitors.xml config file for changes
20:12:50 27-08-2012	DEBUG	MonitorRunner	Running monitor: reddit (http)
20:12:51 27-08-2012	DEBUG	Monitor	Monitor run complete: reddit result=10, 789.0, HTTP 200 OK (108 Kb)
20:12:52 27-08-2012	DEBUG	MonitorRunner	Running monitor: facebook (http)
20:12:53 27-08-2012	DEBUG	Monitor	Monitor run complete: facebook result=10, 701.0, HTTP 200 OK (34 Kb)
20:13:27 27-08-2012	INFO	MonitorRunner	Checking monitors.xml config file for changes
20:17:50 27-08-2012	DEBUG	MonitorRunner	Running monitor: reddit (http)
20:17:52 27-08-2012	DEBUG	Monitor	Monitor run complete: reddit result=10, 1729.0, HTTP 200 OK (107 Kb)
20:17:52 27-08-2012	DEBUG	MonitorRunner	Running monitor: facebook (http)
20:17:54 27-08-2012	DEBUG	Monitor	Monitor run complete: facebook result=10, 2139.0, HTTP 200 OK (34 Kb)
20:18:27 27-08-2012	INFO	MonitorRunner	Checking monitors.xml config file for changes
20:22:50 27-08-2012	DEBUG	MonitorRunner	Running monitor: reddit (http)
20:22:50 27-08-2012	DEBUG	Monitor	Monitor run complete: reddit result=10, 289.0, HTTP 200 OK (107 Kb)
20:22:52 27-08-2012	DEBUG	MonitorRunner	Running monitor: facebook (http)
20:22:53 27-08-2012	DEBUG	Monitor	Monitor run complete: facebook result=10, 707.0, HTTP 200 OK (34 Kb)
20:23:27 27-08-2012	INFO	MonitorRunner	Checking monitors.xml config file for changes
20:27:50 27-08-2012	DEBUG	MonitorRunner	Running monitor: reddit (http)
20:27:50 27-08-2012	DEBUG	Monitor	Monitor run complete: reddit result=10, 315.0, HTTP 200 OK (109 Kb)
20:27:52 27-08-2012	DEBUG	MonitorRunner	Running monitor: facebook (http)
20:27:53 27-08-2012	DEBUG	Monitor	Monitor run complete: facebook result=10, 826.0, HTTP 200 OK (34 Kb)
20:28:27 27-08-2012	INFO	MonitorRunner	Checking monitors.xml config file for changes
20:32:50 27-08-2012	DEBUG	MonitorRunner	Running monitor: reddit (http)
20:32:50 27-08-2012	DEBUG	Monitor	Monitor run complete: reddit result=10, 293.0, HTTP 200 OK (108 Kb)
20:32:52 27-08-2012	DEBUG	MonitorRunner	Running monitor: facebook (http)
20:32:53 27-08-2012	DEBUG	Monitor	Monitor run complete: facebook result=10, 816.0, HTTP 200 OK (34 Kb)
20:33:27 27-08-2012	INFO	MonitorRunner	Checking monitors.xml config file for changes
20:37:50 27-08-2012	DEBUG	MonitorRunner	Running monitor: reddit (http)
20:37:52 27-08-2012	DEBUG	MonitorRunner	Running monitor: facebook (http)
20:37:52 27-08-2012	DEBUG	Monitor	Monitor run complete: reddit result=10, 1998.0, HTTP 200 OK (107 Kb)
20:37:53 27-08-2012	DEBUG	Monitor	Monitor run complete: facebook result=10, 710.0, HTTP 200 OK (34 Kb)
20:38:27 27-08-2012	INFO	MonitorRunner	Checking monitors.xml config file for changes
20:42:50 27-08-2012	DEBUG	MonitorRunner	Running monitor: reddit (http)
20:42:51 27-08-2012	DEBUG	Monitor	Monitor run complete: reddit result=10, 654.0, HTTP 200 OK (107 Kb)
20:42:52 27-08-2012	DEBUG	MonitorRunner	Running monitor: facebook (http)
20:42:53 27-08-2012	DEBUG	Monitor	Monitor run complete: facebook result=10, 775.0, HTTP 200 OK (34 Kb)
20:43:27 27-08-2012	INFO	MonitorRunner	Checking monitors.xml config file for changes
20:47:50 27-08-2012	DEBUG	MonitorRunner	Running monitor: reddit (http)
20:47:51 27-08-2012	DEBUG	Monitor	Monitor run complete: reddit result=10, 313.0, HTTP 200 OK (107 Kb)
20:47:52 27-08-2012	DEBUG	MonitorRunner	Running monitor: facebook (http)
20:47:53 27-08-2012	DEBUG	Monitor	Monitor run complete: facebook result=10, 673.0, HTTP 200 OK (34 Kb)
20:48:27 27-08-2012	INFO	MonitorRunner	Checking monitors.xml config file for changes
20:52:50 27-08-2012	DEBUG	MonitorRunner	Running monitor: reddit (http)
20:52:51 27-08-2012	DEBUG	Monitor	Monitor run complete: reddit result=10, 281.0, HTTP 200 OK (103 Kb)
20:52:52 27-08-2012	DEBUG	MonitorRunner	Running monitor: facebook (http)
20:52:53 27-08-2012	DEBUG	Monitor	Monitor run complete: facebook result=10, 768.0, HTTP 200 OK (34 Kb)
20:53:27 27-08-2012	INFO	MonitorRunner	Checking monitors.xml config file for changes
20:57:50 27-08-2012	DEBUG	MonitorRunner	Running monitor: reddit (http)
20:57:52 27-08-2012	DEBUG	Monitor	Monitor run complete: reddit result=10, 1225.0, HTTP 200 OK (105 Kb)
20:57:52 27-08-2012	DEBUG	MonitorRunner	Running monitor: facebook (http)
20:57:53 27-08-2012	DEBUG	Monitor	Monitor run complete: facebook result=10, 714.0, HTTP 200 OK (34 Kb)
20:58:27 27-08-2012	INFO	MonitorRunner	Checking monitors.xml config file for changes
21:02:50 27-08-2012	DEBUG	MonitorRunner	Running monitor: reddit (http)
21:02:51 27-08-2012	DEBUG	Monitor	Monitor run complete: reddit result=10, 305.0, HTTP 200 OK (108 Kb)
21:02:52 27-08-2012	DEBUG	MonitorRunner	Running monitor: facebook (http)
21:02:53 27-08-2012	DEBUG	Monitor	Monitor run complete: facebook result=10, 806.0, HTTP 200 OK (34 Kb)
21:03:27 27-08-2012	INFO	MonitorRunner	Checking monitors.xml config file for changes
21:07:50 27-08-2012	DEBUG	MonitorRunner	Running monitor: reddit (http)
21:07:51 27-08-2012	DEBUG	Monitor	Monitor run complete: reddit result=10, 438.0, HTTP 200 OK (108 Kb)
21:07:52 27-08-2012	DEBUG	MonitorRunner	Running monitor: facebook (http)
21:07:53 27-08-2012	DEBUG	Monitor	Monitor run complete: facebook result=10, 762.0, HTTP 200 OK (34 Kb)
21:08:27 27-08-2012	INFO	MonitorRunner	Checking monitors.xml config file for changes
21:12:50 27-08-2012	DEBUG	MonitorRunner	Running monitor: reddit (http)
21:12:51 27-08-2012	DEBUG	Monitor	Monitor run complete: reddit result=10, 284.0, HTTP 200 OK (107 Kb)
21:12:52 27-08-2012	DEBUG	MonitorRunner	Running monitor: facebook (http)
21:12:53 27-08-2012	DEBUG	Monitor	Monitor run complete: facebook result=10, 833.0, HTTP 200 OK (34 Kb)
21:13:27 27-08-2012	INFO	MonitorRunner	Checking monitors.xml config file for changes
21:17:50 27-08-2012	DEBUG	MonitorRunner	Running monitor: reddit (http)
21:17:51 27-08-2012	DEBUG	Monitor	Monitor run complete: reddit result=10, 291.0, HTTP 200 OK (108 Kb)
21:17:52 27-08-2012	DEBUG	MonitorRunner	Running monitor: facebook (http)
21:17:53 27-08-2012	DEBUG	Monitor	Monitor run complete: facebook result=10, 705.0, HTTP 200 OK (34 Kb)
21:18:27 27-08-2012	INFO	MonitorRunner	Checking monitors.xml config file for changes
21:22:50 27-08-2012	DEBUG	MonitorRunner	Running monitor: reddit (http)
21:22:51 27-08-2012	DEBUG	Monitor	Monitor run complete: reddit result=10, 289.0, HTTP 200 OK (106 Kb)
21:22:52 27-08-2012	DEBUG	MonitorRunner	Running monitor: facebook (http)
21:22:53 27-08-2012	DEBUG	Monitor	Monitor run complete: facebook result=10, 771.0, HTTP 200 OK (34 Kb)
21:23:27 27-08-2012	INFO	MonitorRunner	Checking monitors.xml config file for changes
21:27:13 27-08-2012	DEBUG	MonitorRunner	Running monitor: reddit (http)
21:27:14 27-08-2012	DEBUG	Monitor	Monitor run complete: reddit result=10, 286.0, HTTP 200 OK (108 Kb)
21:27:14 27-08-2012	DEBUG	MonitorRunner	Running monitor: facebook (http)
21:27:15 27-08-2012	DEBUG	Monitor	Monitor run complete: facebook result=10, 715.0, HTTP 200 OK (34 Kb)
21:28:27 27-08-2012	INFO	MonitorRunner	Checking monitors.xml config file for changes
