10:31:45 22-02-2012	INFO	Main	
10:31:45 22-02-2012	INFO	Main	-=-=-=-=-=-=-=-=-=-=-=-=-=-=-=-=-=-=-=-=-=-=-
10:31:45 22-02-2012	INFO	Main	Ziz is starting up!
10:31:45 22-02-2012	INFO	MonitorRunner	Checking monitors.xml config file for changes
10:31:45 22-02-2012	INFO	MonitorRunner	monitors.xml has been updated, reloading all monitors
10:31:45 22-02-2012	INFO	MonitorRunner	Created new monitor: twitter (ping) in group <root>
10:31:45 22-02-2012	INFO	MonitorRunner	Created new monitor: csp (ping) in group <root>
10:31:45 22-02-2012	INFO	MonitorRunner	Created new monitor: wikipedia (ping) in group <root>
10:31:45 22-02-2012	INFO	WebServer	Starting webserver, listening on port 7777
10:31:47 22-02-2012	DEBUG	MonitorRunner	Running monitor: csp (ping)
10:31:50 22-02-2012	DEBUG	Monitor	Monitor run complete: csp result=5, 15.71, 30% of packets timed out
10:32:06 22-02-2012	DEBUG	MonitorRunner	Running monitor: twitter (ping)
10:32:08 22-02-2012	DEBUG	Monitor	Monitor run complete: twitter result=10, 187.3, Ping OK, 100% packets good
10:32:22 22-02-2012	DEBUG	MonitorRunner	Running monitor: wikipedia (ping)
10:32:24 22-02-2012	DEBUG	Monitor	Monitor run complete: wikipedia result=5, 164.78, 10% of packets timed out
10:32:47 22-02-2012	DEBUG	MonitorRunner	Running monitor: csp (ping)
10:32:48 22-02-2012	DEBUG	Monitor	Monitor run complete: csp result=5, 12.0, 10% of packets timed out
10:33:06 22-02-2012	DEBUG	MonitorRunner	Running monitor: twitter (ping)
10:33:08 22-02-2012	DEBUG	Monitor	Monitor run complete: twitter result=10, 185.7, Ping OK, 100% packets good
10:33:22 22-02-2012	DEBUG	MonitorRunner	Running monitor: wikipedia (ping)
10:33:27 22-02-2012	DEBUG	Monitor	Monitor run complete: wikipedia result=5, 122.17, 40% of packets timed out
10:33:47 22-02-2012	DEBUG	MonitorRunner	Running monitor: csp (ping)
10:33:49 22-02-2012	DEBUG	Monitor	Monitor run complete: csp result=5, 15.5, 20% of packets timed out
10:34:06 22-02-2012	DEBUG	MonitorRunner	Running monitor: twitter (ping)
10:34:09 22-02-2012	DEBUG	Monitor	Monitor run complete: twitter result=5, 194.88, 20% of packets timed out
10:34:11 22-02-2012	INFO	MonitorRunner	Checking monitors.xml config file for changes
10:34:11 22-02-2012	INFO	MonitorRunner	monitors.xml has been updated, reloading all monitors
10:34:11 22-02-2012	INFO	MonitorRunner	Created new monitor: twitter (ping) in group <root>
10:34:11 22-02-2012	INFO	MonitorRunner	Created new monitor: csp (ping) in group <root>
10:34:11 22-02-2012	INFO	MonitorRunner	Created new monitor: wikipedia (ping) in group <root>
10:34:11 22-02-2012	INFO	MonitorRunner	Created new monitor: ffg (ping) in group <root>
10:34:19 22-02-2012	DEBUG	MonitorRunner	Running monitor: ffg (ping)
10:34:20 22-02-2012	DEBUG	Monitor	Monitor run complete: ffg result=10, 134.2, Ping OK, 100% packets good
10:34:23 22-02-2012	DEBUG	MonitorRunner	Running monitor: wikipedia (ping)
10:34:27 22-02-2012	DEBUG	Monitor	Monitor run complete: wikipedia result=5, 125.0, 30% of packets timed out
10:34:29 22-02-2012	DEBUG	MonitorRunner	Running monitor: csp (ping)
10:34:33 22-02-2012	DEBUG	Monitor	Monitor run complete: csp result=5, 15.67, 40% of packets timed out
10:34:34 22-02-2012	DEBUG	MonitorRunner	Running monitor: twitter (ping)
10:34:38 22-02-2012	DEBUG	Monitor	Monitor run complete: twitter result=5, 196.14, 30% of packets timed out
10:35:19 22-02-2012	DEBUG	MonitorRunner	Running monitor: ffg (ping)
10:35:20 22-02-2012	DEBUG	Monitor	Monitor run complete: ffg result=10, 131.1, Ping OK, 100% packets good
10:35:23 22-02-2012	DEBUG	MonitorRunner	Running monitor: wikipedia (ping)
10:35:25 22-02-2012	DEBUG	Monitor	Monitor run complete: wikipedia result=5, 121.22, 10% of packets timed out
10:35:29 22-02-2012	DEBUG	MonitorRunner	Running monitor: csp (ping)
10:35:31 22-02-2012	DEBUG	Monitor	Monitor run complete: csp result=5, 15.62, 20% of packets timed out
10:35:34 22-02-2012	DEBUG	MonitorRunner	Running monitor: twitter (ping)
10:35:36 22-02-2012	DEBUG	Monitor	Monitor run complete: twitter result=10, 190.4, Ping OK, 100% packets good
10:36:19 22-02-2012	DEBUG	MonitorRunner	Running monitor: ffg (ping)
10:36:20 22-02-2012	DEBUG	Monitor	Monitor run complete: ffg result=10, 134.2, Ping OK, 100% packets good
10:36:23 22-02-2012	DEBUG	MonitorRunner	Running monitor: wikipedia (ping)
10:36:24 22-02-2012	DEBUG	Monitor	Monitor run complete: wikipedia result=10, 123.2, Ping OK, 100% packets good
10:36:29 22-02-2012	DEBUG	MonitorRunner	Running monitor: csp (ping)
10:36:30 22-02-2012	DEBUG	Monitor	Monitor run complete: csp result=5, 13.78, 10% of packets timed out
10:36:34 22-02-2012	DEBUG	MonitorRunner	Running monitor: twitter (ping)
10:36:36 22-02-2012	DEBUG	Monitor	Monitor run complete: twitter result=10, 188.8, Ping OK, 100% packets good
10:36:45 22-02-2012	INFO	MonitorRunner	Checking monitors.xml config file for changes
10:37:19 22-02-2012	DEBUG	MonitorRunner	Running monitor: ffg (ping)
10:37:20 22-02-2012	DEBUG	Monitor	Monitor run complete: ffg result=10, 134.2, Ping OK, 100% packets good
10:37:23 22-02-2012	DEBUG	MonitorRunner	Running monitor: wikipedia (ping)
10:37:25 22-02-2012	DEBUG	Monitor	Monitor run complete: wikipedia result=5, 121.22, 10% of packets timed out
10:37:29 22-02-2012	DEBUG	MonitorRunner	Running monitor: csp (ping)
10:37:32 22-02-2012	DEBUG	Monitor	Monitor run complete: csp result=5, 15.57, 30% of packets timed out
10:37:34 22-02-2012	DEBUG	MonitorRunner	Running monitor: twitter (ping)
10:37:36 22-02-2012	DEBUG	Monitor	Monitor run complete: twitter result=10, 188.8, Ping OK, 100% packets good
10:38:19 22-02-2012	DEBUG	MonitorRunner	Running monitor: ffg (ping)
10:38:20 22-02-2012	DEBUG	Monitor	Monitor run complete: ffg result=10, 134.1, Ping OK, 100% packets good
10:38:23 22-02-2012	DEBUG	MonitorRunner	Running monitor: wikipedia (ping)
10:38:26 22-02-2012	DEBUG	Monitor	Monitor run complete: wikipedia result=5, 122.75, 20% of packets timed out
10:38:29 22-02-2012	DEBUG	MonitorRunner	Running monitor: csp (ping)
10:38:30 22-02-2012	DEBUG	Monitor	Monitor run complete: csp result=5, 13.78, 10% of packets timed out
10:38:34 22-02-2012	DEBUG	MonitorRunner	Running monitor: twitter (ping)
10:38:37 22-02-2012	DEBUG	Monitor	Monitor run complete: twitter result=5, 194.22, 10% of packets timed out
10:39:19 22-02-2012	DEBUG	MonitorRunner	Running monitor: ffg (ping)
10:39:20 22-02-2012	DEBUG	Monitor	Monitor run complete: ffg result=10, 134.1, Ping OK, 100% packets good
10:39:23 22-02-2012	DEBUG	MonitorRunner	Running monitor: wikipedia (ping)
10:39:24 22-02-2012	DEBUG	Monitor	Monitor run complete: wikipedia result=10, 123.2, Ping OK, 100% packets good
10:39:29 22-02-2012	DEBUG	MonitorRunner	Running monitor: csp (ping)
10:39:32 22-02-2012	DEBUG	Monitor	Monitor run complete: csp result=5, 13.43, 30% of packets timed out
10:39:34 22-02-2012	DEBUG	MonitorRunner	Running monitor: twitter (ping)
10:39:40 22-02-2012	DEBUG	Monitor	Monitor run complete: twitter result=5, 190.2, 50% of packets timed out
10:40:19 22-02-2012	DEBUG	MonitorRunner	Running monitor: ffg (ping)
10:40:20 22-02-2012	DEBUG	Monitor	Monitor run complete: ffg result=10, 132.6, Ping OK, 100% packets good
10:40:23 22-02-2012	DEBUG	MonitorRunner	Running monitor: wikipedia (ping)
10:40:25 22-02-2012	DEBUG	Monitor	Monitor run complete: wikipedia result=5, 123.11, 10% of packets timed out
10:40:29 22-02-2012	DEBUG	MonitorRunner	Running monitor: csp (ping)
10:40:32 22-02-2012	DEBUG	Monitor	Monitor run complete: csp result=5, 11.14, 30% of packets timed out
10:40:34 22-02-2012	DEBUG	MonitorRunner	Running monitor: twitter (ping)
10:40:36 22-02-2012	DEBUG	Monitor	Monitor run complete: twitter result=10, 182.5, Ping OK, 100% packets good
10:41:19 22-02-2012	DEBUG	MonitorRunner	Running monitor: ffg (ping)
10:41:20 22-02-2012	DEBUG	Monitor	Monitor run complete: ffg result=10, 132.6, Ping OK, 100% packets good
10:41:23 22-02-2012	DEBUG	MonitorRunner	Running monitor: wikipedia (ping)
10:41:25 22-02-2012	DEBUG	Monitor	Monitor run complete: wikipedia result=5, 121.33, 10% of packets timed out
10:41:29 22-02-2012	DEBUG	MonitorRunner	Running monitor: csp (ping)
10:41:29 22-02-2012	DEBUG	Monitor	Monitor run complete: csp result=10, 14.0, Ping OK, 100% packets good
10:41:34 22-02-2012	DEBUG	MonitorRunner	Running monitor: twitter (ping)
10:41:36 22-02-2012	DEBUG	Monitor	Monitor run complete: twitter result=10, 184.1, Ping OK, 100% packets good
10:41:45 22-02-2012	INFO	MonitorRunner	Checking monitors.xml config file for changes
10:42:19 22-02-2012	DEBUG	MonitorRunner	Running monitor: ffg (ping)
10:42:20 22-02-2012	DEBUG	Monitor	Monitor run complete: ffg result=10, 135.7, Ping OK, 100% packets good
10:42:23 22-02-2012	DEBUG	MonitorRunner	Running monitor: wikipedia (ping)
10:42:25 22-02-2012	DEBUG	Monitor	Monitor run complete: wikipedia result=5, 123.0, 10% of packets timed out
10:42:29 22-02-2012	DEBUG	MonitorRunner	Running monitor: csp (ping)
10:42:34 22-02-2012	DEBUG	MonitorRunner	Running monitor: twitter (ping)
10:42:34 22-02-2012	DEBUG	Monitor	Monitor run complete: csp result=5, 15.6, 50% of packets timed out
10:42:37 22-02-2012	DEBUG	Monitor	Monitor run complete: twitter result=5, 195.89, 10% of packets timed out
10:43:19 22-02-2012	DEBUG	MonitorRunner	Running monitor: ffg (ping)
10:43:20 22-02-2012	DEBUG	Monitor	Monitor run complete: ffg result=10, 132.6, Ping OK, 100% packets good
10:43:23 22-02-2012	DEBUG	MonitorRunner	Running monitor: wikipedia (ping)
10:43:27 22-02-2012	DEBUG	Monitor	Monitor run complete: wikipedia result=5, 122.57, 30% of packets timed out
10:43:29 22-02-2012	DEBUG	MonitorRunner	Running monitor: csp (ping)
10:43:30 22-02-2012	DEBUG	Monitor	Monitor run complete: csp result=5, 13.89, 10% of packets timed out
10:43:34 22-02-2012	DEBUG	MonitorRunner	Running monitor: twitter (ping)
10:43:36 22-02-2012	DEBUG	Monitor	Monitor run complete: twitter result=10, 188.8, Ping OK, 100% packets good
10:44:19 22-02-2012	DEBUG	MonitorRunner	Running monitor: ffg (ping)
10:44:20 22-02-2012	DEBUG	Monitor	Monitor run complete: ffg result=10, 134.2, Ping OK, 100% packets good
10:44:23 22-02-2012	DEBUG	MonitorRunner	Running monitor: wikipedia (ping)
10:44:26 22-02-2012	DEBUG	Monitor	Monitor run complete: wikipedia result=5, 118.88, 20% of packets timed out
10:44:29 22-02-2012	DEBUG	MonitorRunner	Running monitor: csp (ping)
10:44:30 22-02-2012	DEBUG	Monitor	Monitor run complete: csp result=5, 19.11, 10% of packets timed out
10:44:34 22-02-2012	DEBUG	MonitorRunner	Running monitor: twitter (ping)
10:44:37 22-02-2012	DEBUG	Monitor	Monitor run complete: twitter result=5, 195.89, 10% of packets timed out
10:45:19 22-02-2012	DEBUG	MonitorRunner	Running monitor: ffg (ping)
10:45:20 22-02-2012	DEBUG	Monitor	Monitor run complete: ffg result=10, 134.1, Ping OK, 100% packets good
10:45:23 22-02-2012	DEBUG	MonitorRunner	Running monitor: wikipedia (ping)
10:45:25 22-02-2012	DEBUG	Monitor	Monitor run complete: wikipedia result=5, 123.11, 10% of packets timed out
10:45:29 22-02-2012	DEBUG	MonitorRunner	Running monitor: csp (ping)
10:45:31 22-02-2012	DEBUG	Monitor	Monitor run complete: csp result=5, 13.62, 20% of packets timed out
10:45:34 22-02-2012	DEBUG	MonitorRunner	Running monitor: twitter (ping)
10:45:36 22-02-2012	DEBUG	Monitor	Monitor run complete: twitter result=10, 188.8, Ping OK, 100% packets good
10:46:19 22-02-2012	DEBUG	MonitorRunner	Running monitor: ffg (ping)
10:46:20 22-02-2012	DEBUG	Monitor	Monitor run complete: ffg result=10, 135.7, Ping OK, 100% packets good
10:46:23 22-02-2012	DEBUG	MonitorRunner	Running monitor: wikipedia (ping)
10:46:26 22-02-2012	DEBUG	Monitor	Monitor run complete: wikipedia result=5, 121.0, 20% of packets timed out
10:46:29 22-02-2012	DEBUG	MonitorRunner	Running monitor: csp (ping)
10:46:29 22-02-2012	DEBUG	Monitor	Monitor run complete: csp result=10, 12.5, Ping OK, 100% packets good
10:46:34 22-02-2012	DEBUG	MonitorRunner	Running monitor: twitter (ping)
10:46:36 22-02-2012	DEBUG	Monitor	Monitor run complete: twitter result=10, 190.3, Ping OK, 100% packets good
10:46:45 22-02-2012	INFO	MonitorRunner	Checking monitors.xml config file for changes
10:47:19 22-02-2012	DEBUG	MonitorRunner	Running monitor: ffg (ping)
10:47:20 22-02-2012	DEBUG	Monitor	Monitor run complete: ffg result=10, 135.7, Ping OK, 100% packets good
10:47:23 22-02-2012	DEBUG	MonitorRunner	Running monitor: wikipedia (ping)
10:47:26 22-02-2012	DEBUG	Monitor	Monitor run complete: wikipedia result=5, 122.88, 20% of packets timed out
10:47:29 22-02-2012	DEBUG	MonitorRunner	Running monitor: csp (ping)
10:47:29 22-02-2012	DEBUG	Monitor	Monitor run complete: csp result=10, 15.6, Ping OK, 100% packets good
10:47:34 22-02-2012	DEBUG	MonitorRunner	Running monitor: twitter (ping)
10:47:36 22-02-2012	DEBUG	Monitor	Monitor run complete: twitter result=10, 190.3, Ping OK, 100% packets good
10:48:19 22-02-2012	DEBUG	MonitorRunner	Running monitor: ffg (ping)
10:48:20 22-02-2012	DEBUG	Monitor	Monitor run complete: ffg result=10, 134.2, Ping OK, 100% packets good
10:48:23 22-02-2012	DEBUG	MonitorRunner	Running monitor: wikipedia (ping)
10:48:28 22-02-2012	DEBUG	Monitor	Monitor run complete: wikipedia result=5, 124.83, 40% of packets timed out
10:48:29 22-02-2012	DEBUG	MonitorRunner	Running monitor: csp (ping)
10:48:30 22-02-2012	DEBUG	Monitor	Monitor run complete: csp result=5, 13.89, 10% of packets timed out
10:48:34 22-02-2012	DEBUG	MonitorRunner	Running monitor: twitter (ping)
10:48:40 22-02-2012	DEBUG	Monitor	Monitor run complete: twitter result=5, 193.2, 50% of packets timed out
10:49:19 22-02-2012	DEBUG	MonitorRunner	Running monitor: ffg (ping)
10:49:20 22-02-2012	DEBUG	Monitor	Monitor run complete: ffg result=10, 134.1, Ping OK, 100% packets good
10:49:23 22-02-2012	DEBUG	MonitorRunner	Running monitor: wikipedia (ping)
10:49:25 22-02-2012	DEBUG	Monitor	Monitor run complete: wikipedia result=5, 121.33, 10% of packets timed out
10:49:29 22-02-2012	DEBUG	MonitorRunner	Running monitor: csp (ping)
10:49:31 22-02-2012	DEBUG	Monitor	Monitor run complete: csp result=5, 13.75, 20% of packets timed out
10:49:34 22-02-2012	DEBUG	MonitorRunner	Running monitor: twitter (ping)
